[  0.000000] Initializing cgroup subys cpse
[    0.000] Intiizng cro sbsyscp
[  0.0000Intializg rroupsusys cuact[    0.000]Linu vsion 4.4-2-geer (uilddgw-41)gcversin 3. 260413 (Ubunt 5.3.1-14ubuntu2) )40Ubuntu P hu Ma122:03:6 C 2016 (Untu .4.022.4-genri 44.8)[   0.000] Commandlin: BOOT_MAGE=/boot/vmlinuz-44.22-ger root=LABEL=clouimroofs ro conle=tty1 consle=ttyS0
[  000000 KNEL supord cpus:
[  000000] Intl GenuineIntel
[    0.000000]   AMD AuthenticAMD
[    0.000000  enta CtaurHas[   00000]86pu: xsate_ffet[2]:57, xstae_izs[: 256   0.0000] 86/fpu: Suppoti XSAVE feature 0x01: 'x87 floating point registers'
[    0.000000] x86/fpu: Supporting XSAVE feature 0x02: 'SSE registers'
[   0.00000]x8/fu: Suporin XSAVE feature 0x04: 'AVX registers'
[    0.00000] x86/fpu: Enaed xstate features 0x7, context size is 832 bytes, using 'standard' format.
[    0.000000] x86/fpu: Using 'lazy' FPU context switches.
[    0.000000] e820: BIOS-provided physical RAM map:
[    0.000000] BIOS-e820: [mem 0x0000000000000000-0x000000000009fbff] usable
[    0.000000] BIOS-e820: [mem 0x0000000009fc00-0x000000000009ffff] reserved
[   0.0000] BIOS-8200: [mem 0x00000000000f00000x00000000000fffff] reserved
[    0.000000] BIOS-e820: [me 0x00000000010000-0x000000007ffeffff] usable
[    0.000000] BIOS-e820: [mem 0x000000007fff0000-0x000000007ffffff] ACPI data
   0.000000] BIOS-e820: [mem 0x00000000fffc0000-0x00000000ffffffff] resrve
[   .000000]] NX (Execute Disabl potection: actie[    0.000000] SMBIOS 2.5 present.
[    0.000000] Hypervisor detected: KVM
[    0.00000] 820: last_pfn = 0x7ff0 max_arch_pn = 0x400000000[    0.000000] x86/PAT: Configuration [0-7]: WB  WC  UC- UC  WB  WC  UC- WT  
[    0.00000] MTRR: Disabled
[    0.000000] CPU MTRRs all blank - virtualized system.
[    0.000000] found SMP MP-table at [mem 0x0009fff0-0x0009ffff] mapped at [ffff88000009fff0]
[    0.000000] Scanning 1 areas for low memory corruption
[    0000000] RAMDISK: [mem 0x371c0000-0x378d7fff]
[    0.000000] ACPI: Early table checksum verification disabled
[    0.000000] ACPI: RSDP 0x00000000000E0000 000024 (v02 VBOX  )
[    0.000000] ACPI: XSDT 0x000000007FFF003 00003C (v01 VBOX   VBOXXSDT 00000001 ASL  00000061)
[    0.000000] ACPI: FACP 0x000000007FFF00F0 0000F4 (v04 VBOX   VBOXFAP 0000001 ASL  000000661)
[    .00000] CPI: DSDT 0x000000007FFF0470 002106 (v01 VBOX   VBOXBIOS 00000002 INTL 20100528)
[    0.000000] ACPI: FACS 0x000000007FFF0200 000040
[    0.00000] ACPI: FACS 0x000000007FFF0200 000040
[    0.000000] ACPI: APIC 0x000000007FFF0240 00005C (v02 VBOX   BOXAPIC 00000001 ASL  00000061)
[   0.000000] ACPI: SD 000000007FFF02A0 0001CC (v01 VBOX   VBOXCPUT 00000002 INTL 20100528)
[    0.000000] No NMA conigraion found
[   0.000000] Faking a node at [mem 0x0000000000000000-0x000000007ffeffff]
[    0.000000] NODE_DATA(0) allocated [mm x7ffeb00-07feffff
   0.0000] kvm-clock: Using msrs 4b564d01 ad b56400
[    0.000000] kvm-clock: cpu 0, msr 0:7ffe701, primary cpu clock
[    0.000000] kvm-clock: using sched offset of 3269073995 cycles
[    0.000000] clocksource: kvm-clock: mask: 0xffffffffffffffff max_cycles: 0x1cd42e4dffb, max_idle_ns: 881590591483 ns
[    0.0000 Zone ranges:
   0000000]   DMA      [mem 0x0000000000001000-0x0000000000ffffff
   0.00000]   DMA32    [mem0x0000000001000000-0x000000007ffeffff]
[    0.000000]   Normal   emp
    0.00000]  Dvice   mpy[    0.00000 Mvable zon start for each noe
   0.00000]Early memory node ranges
[    0.000000]   node   0: [mem 0x0000000000001000-0x000000000009efff]
[    0.000000]   node   0: [mem 0x0000000000100000-0x000000007ffeffff]
[    0.000000] Initmem setup node 0 [mem 0x0000000000001000-0x000000007ffeffff]
[    0.000000] ACPI: PM-Timer IO Pot: 0x4008
[    0.000000] IOAPIC[0]: apic_id 2, version 17, adres xfec00000, GSI 0-23
[    0.000000 ACPI IT_RC_OVR (bus 0 bus_irq 0 global_irq 2 dfl dfl)
[    0.000000] ACPI: INT_SRC_OVR (bus 0 bus_irq 9 global_irq 9 high level)
[   .000000] Using ACPI (MADT) for SMP configraio information
[    0.000000] smpboo: llowing 2 CPUs, 0 hotplug CPUs
[    0.000000] PM: Registered nosave memory: [mem 0x0000000-0x00000fff]
[    0.000000] PM: Registered nosave memory: [mem 0x0009f000-0x0009ffff]
[    0.000000] PM: Registered nosave memory: [mem 0x000a0000-0x000effff]
[    0.000000] PM: Registered nosave memory: [mem 0x000f0000-0x000fffff]
[   000000] e820: [mem x800000-0xffbfff] avilable for PCI dvices
[    0.000000] Booting paravirtuaized kernel on KVM
[    0.000000] clocksource: refine-jiffies: mask: 0xfffffff max_cycles: 0xffffffff, max_idle_ns: 7645519600211568 ns
[    0.000000] setup_percpu: NR_CPUS:256 nr_cpumas_bits:256 nr_cpu_ids:2 nr_node_ids:1
[    0.000000] PERCPU: Embedded 33 pages/cpu @ffff8007fc00000 s98008 r8192 d28968 u1048576
[    0.000000] PV qspinlock hash table entries: 56(order: 0, 4096 bytes)
[    0.00000] Built 1 zonelists in Node order, mobility grouping on.  Total pages: 515961
[    0.000000] Policy zone: DMA32
[    0.000000] Kernel command line: BOOT_IMAGE=/boot/vmlinuz-4.4.0-22-generic root=LABEL=cloudimg-rootf ro console=ty1 console=ttyS0
[    0.00000] PID hash table entries: 4096 (order: 3, 32768 bytes)
[    0.00000] Memory: 203772K/2096696K available (8359K kernel code, 1278K rwdata, 3920K rodata, 1480K init, 1292K bss, 59124K reserved, 0K cma-reserved)
[    0.000000 SLUB: HWalign=64, Order=0-3, MinObjects=0, CPUs=2, Nodes=1
[    0.000000] Hierarchical RCU implementation.
[    0.000000] 	Build-time adjustment of leaf fanout to 64.
[    0.000000] 	RCU restricting CPUs from NR_CPUS=256 to nr_cpu_ids=2.
[    0.000000] RCU: Ajuting geometry for rcu_fanout_leaf=64, nr_cpu_ids=2
[    0.000000] NR_IRQS:16640 nr_irqs:440 16
[    0.000000] Consoe: coou VGA+ 80x25
[    0.000000] console [tty1] enabled
[    0.000000] console [ttyS0] enabled
[    0.000000] tsc: Detected 2793.536 MHz processor
[    5.540906] Calibrating delay loop (skipped) preset value.. 5587.07 BogoMIPS (lpj=11174144)
[   5.544035] pid_max: default: 32768 minimum: 301
[    5.559989] ACPI: Core revision 20150930
[    5.565700] ACPI: 2 ACPI AML tables successfully acquired and loaded
[    5.592339] Security Framework initialized
[    5.604096] Yama: becoming mindful.
[    5.606887] AppArmor: AppArmor initialized
[    5.629793] Dentry cache hash table entries: 262144 (order: 9, 2097152 bytes)
[    5.648943] Inode-cache hash table entries: 131072 (order: 8, 1048576 bytes)
[    5.672125] Mount-cache hash table entries: 4096 (order: 3, 32768 bytes)
[    5.695386] Mountpoint-cache hash table entries: 4096 (order: 3, 32768 bytes)
[    5.710376] Initializing cgroup subsys io
[    5.712553] Initializing cgroup subsys memory
[    5.713411] Initializing cgroup subsys devices
[    5.716259] Initializing cgroup subsys freezer
[    5.751434] Initializing cgroup subsys net_cls
[    5.772294] Initializing cgroup subsys perf_event
[    5.800336] Initializing cgroup subsys net_prio
[    5.812280] Initializing cgroup subsys hugetlb
[    5.813416] Initializing cgroup subsys pids
[    5.814592] CPU: Physical Processor ID: 0
[    5.815688] CPU: Processor Core ID: 0
[    5.817355] mce: CPU supports 0 MCE banks
[    5.823726] Last level iTLB entries: 4KB 1024, 2MB 1024, 4MB 1024
[    5.825337] Last level dTLB entries: 4KB 1024, 2MB 1024, 4MB 1024, 1GB 4
[    5.828766] Freeing SMP alternatives memory: 28K (ffffffff820b3000 - ffffffff820ba000)
[    5.839258] ftrace: allocating 31906 entries in 125 pages
[    5.883316] smpboot: Max logical packages: 1
[    5.900666] smpboot: APIC(0) Converting physical 0 to logical package 0
[    5.903129] ..TIMER: vector=0x30 apic1=0 pin1=2 apic2=-1 pin2=-1
[    6.027184] smpboot: CPU0: Intel(R) Xeon(R) CPU E5-1603 v3 @ 2.80GHz (family: 0x6, model: 0x3f, stepping: 0x2)
[    6.042999] Performance Events: unsupported p6 CPU model 63 no PMU driver, software events only.
[    6.080334] KVM setup paravirtual spinlock
[    6.086684] x86: Booting SMP configuration:
[    6.090248] .... node  #0, CPUs:      #1
[    6.092368] kvm-clock: cpu 1, msr 0:7ffe7041, secondary cpu clock
[    6.114596] mce: CPU supports 0 MCE banks
[    6.118288] x86: Booted up 1 node, 2 CPUs
[    6.121484] smpboot: Total of 2 processors activated (11174.14 BogoMIPS)
[    6.126484] devtmpfs: initialized
[    6.132831] evm: security.selinux
[    6.133583] evm: security.SMACK64
[    6.164494] evm: security.SMACK64EXEC
[    6.173260] evm: security.SMACK64TRANSMUTE
[    6.174412] evm: security.SMACK64MMAP
[    6.187152] evm: security.ima
[    6.187818] evm: security.capability
[    6.204015] clocksource: jiffies: mask: 0xffffffff max_cycles: 0xffffffff, max_idle_ns: 7645041785100000 ns
[    6.214773] pinctrl core: initialized pinctrl subsystem
[    6.227868] RTC time: 12:43:46, date: 06/01/16
[    6.240661] NET: Registered protocol family 16
[    6.253413] cpuidle: using governor ladder
[    6.285674] cpuidle: using governor menu
[    6.292171] PCCT header not found.
[    6.299903] ACPI: bus type PCI registered
[    6.300689] acpiphp: ACPI Hot Plug PCI Controller Driver version: 0.5
[    6.301874] PCI: Using configuration type 1 for base access
[    6.313751] ACPI: Added _OSI(Module Device)
[    6.315849] ACPI: Added _OSI(Processor Device)
[    6.316936] ACPI: Added _OSI(3.0 _SCP Extensions)
[    6.323845] ACPI: Added _OSI(Processor Aggregator Device)
[    6.334600] ACPI: Executed 1 blocks of module-level executable AML code
[    6.361657] ACPI: Interpreter enabled
[    6.368837] ACPI Exception: AE_NOT_FOUND, While evaluating Sleep State [\_S1_] (20150930/hwxface-580)
[    6.378648] ACPI Exception: AE_NOT_FOUND, While evaluating Sleep State [\_S2_] (20150930/hwxface-580)
[    6.396051] ACPI Exception: AE_NOT_FOUND, While evaluating Sleep State [\_S3_] (20150930/hwxface-580)
[    6.408961] ACPI Exception: AE_NOT_FOUND, While evaluating Sleep State [\_S4_] (20150930/hwxface-580)
[    6.427220] ACPI: (supports S0 S5)
[    6.433071] ACPI: Using IOAPIC for interrupt routing
[    6.450363] PCI: Using host bridge windows from ACPI; if necessary, use "pci=nocrs" and report a bug
[    6.464434] ACPI: PCI Root Bridge [PCI0] (domain 0000 [bus 00-ff])
[    6.472169] acpi PNP0A03:00: _OSC: OS supports [ASPM ClockPM Segments MSI]
[    6.473320] acpi PNP0A03:00: _OSC failed (AE_NOT_FOUND); disabling ASPM
[    6.474454] acpi PNP0A03:00: fail to add MMCONFIG information, can't access extended PCI configuration space under this bridge.
[    6.485472] PCI host bridge to bus 0000:00
[    6.492702] pci_bus 0000:00: root bus resource [io  0x0000-0x0cf7 window]
[    6.507311] pci_bus 0000:00: root bus resource [io  0x0d00-0xffff window]
[    6.508489] pci_bus 0000:00: root bus resource [mem 0x000a0000-0x000bffff window]
[    6.509918] pci_bus 0000:00: root bus resource [mem 0x80000000-0xffdfffff window]
[    6.521117] pci_bus 0000:00: root bus resource [bus 00-ff]
[    6.529437] pci 0000:00:01.1: legacy IDE quirk: reg 0x10: [io  0x01f0-0x01f7]
[    6.539867] pci 0000:00:01.1: legacy IDE quirk: reg 0x14: [io  0x03f6]
[    6.552194] pci 0000:00:01.1: legacy IDE quirk: reg 0x18: [io  0x0170-0x0177]
[    6.555381] pci 0000:00:01.1: legacy IDE quirk: reg 0x1c: [io  0x0376]
[    6.610564] ACPI: PCI Interrupt Link [LNKA] (IRQs 5 9 10 11) *0, disabled.
[    6.638598] ACPI: PCI Interrupt Link [LNKB] (IRQs 5 9 10 *11)
[    6.658652] ACPI: PCI Interrupt Link [LNKC] (IRQs 5 9 *10 11)
[    6.670045] ACPI: PCI Interrupt Link [LNKD] (IRQs 5 *9 10 11)
[    6.688366] ACPI: Enabled 2 GPEs in block 00 to 07
[    6.691524] vgaarb: setting as boot device: PCI:0000:00:02.0
[    6.706404] vgaarb: device added: PCI:0000:00:02.0,decodes=io+mem,owns=io+mem,locks=none
[    6.722146] vgaarb: loaded
[    6.745451] vgaarb: bridge control possible 0000:00:02.0
[    6.748185] SCSI subsystem initialized
[    6.749092] ACPI: bus type USB registered
[    6.758318] usbcore: registered new interface driver usbfs
[    6.759296] usbcore: registered new interface driver hub
[    6.767183] usbcore: registered new device driver usb
[    6.768434] PCI: Using ACPI for IRQ routing
[    6.790466] NetLabel: Initializing
[    6.804310] NetLabel:  domain hash size = 128
[    6.844674] NetLabel:  protocols = UNLABELED CIPSOv4
[    6.852487] NetLabel:  unlabeled traffic allowed by default
[    6.868706] clocksource: Switched to clocksource kvm-clock
[   .98791] AppArmor: AppArmor Filesystem Enabled
[   7.000212] pnp: PnP ACPI init
[   7.025318] pnp: PnP ACPI: found 3 devices

[    7063243] clocksorc: cpi_pm: mask: 0xffffff max_cycles: 0xffffff, max_idle_ns: 2085701024 ns
[   .1730]NET: egstred protocol famiy 2

[    7.379840] TCP established hash table entries: 16384 (order: 5, 131072 bytes)
[    7.8132 TP in hshtale entries: 16384 (order: 6, 262144 bytes)
[    7.596034] TCP: Hash tables configured (established 16384 bind 16384)
[    7.597584] UDP hash table entries: 1024 (order: 3, 32768 bytes)
[    7.599333] UDP-Lite hash table entries: 1024 (order: 3, 32768 bytes)
[    7.601411] NET: Registered protocol family 1
[    7.602804] pci 0000:00:00.0: Limiting direct PCI/PCI transfers
[    7.604893] pci 0000:00:01.0: Activating ISA DMA hang workarounds
[    7.606931] Trying to unpack rootfs image as initramfs...

[    9.276286] Freeing initrd memory: 7264K (ffff8800371c0000 - ffff8800378d8000)
[    9.295490] RAPL PMU detected, API unit is 2^-32 Joules, 3 fixed counters 10737418240 ms ovfl timer
[    9.298895] hw unit of domain pp0-core 2^-0 Joules
[    9.301016] hw unit of domain package 2^-0 Joules
[    9.306362] hw unit of domain dram 2^-16 Joules
[    9.315487] platform rtc_cmos: registered platform RTC device (no PNP device found)
[    9.326216] Scanning for low memory corruption every 60 seconds
[    9.329492] futex hash table entries: 512 (order: 3, 32768 bytes)
[    9.331825] audit: initializing netlink subsys (disabled)
[    9.334193] audit: type=2000 audit(1464785029.033:1): initialized
[    9.338677] Initialise system trusted keyring
[    9.347743] HugeTLB registered 2 MB page size, pre-allocated 0 pages
[    9.359666] zbud: loaded
[    9.360537] VFS: Disk quotas dquot_6.6.0
[    9.362919] VFS: Dquot-cache hash table entries: 512 (order 0, 4096 bytes)
[    9.364613] fuse init (API version 7.23)
[    9.379599] Key type big_key registered
[    9.380393] Allocating IMA MOK and blacklist keyrings.
[    9.386981] Key type asymmetric registered
[    9.400570] Asymmetric key parser 'x509' registered
[    9.401533] Block layer SCSI generic (bsg) driver version 0.4 loaded (major 249)
[    9.405024] io scheduler noop registered
[    9.409898] io scheduler deadline registered (default)
[    9.412827] io scheduler cfq registered
[    9.413696] pci_hotplug: PCI Hot Plug PCI Core version: 0.5
[    9.414796] pciehp: PCI Express Hot Plug Controller Driver version: 0.4
[    9.416057] ACPI: AC Adapter [AC] (on-line)
[    9.418229] input: Power Button as /devices/LNXSYSTM:00/LNXPWRBN:00/input/input0
[    9.419669] ACPI: Power Button [PWRF]
[    9.420605] input: Sleep Button as /devices/LNXSYSTM:00/LNXSLPBN:00/input/input1
[    9.433393] ACPI: Sleep Button [SLPF]
[    9.434410] GHES: HEST is not enabled!
[    9.435278] Serial: 8250/16550 driver, 32 ports, IRQ sharing enabled
[    9.458472] 00:02: ttyS0 at I/O 0x3f8 (irq = 4, base_baud = 115200) is a 16550A
[    9.469352] Linux agpgart interface v0.103
[    9.493949] brd: module loaded
[    9.501404] loop: module loaded
[    9.508474] scsi host0: ata_piix
[    9.509358] scsi host1: ata_piix
[    9.510071] ata1: PATA max UDMA/33 cmd 0x1f0 ctl 0x3f6 bmdma 0xd000 irq 14
[    9.517085] ata2: PATA max UDMA/33 cmd 0x170 ctl 0x376 bmdma 0xd008 irq 15
[    9.518314] libphy: Fixed MDIO Bus: probed
[    9.531404] tun: Universal TUN/TAP device driver, 1.6
[    9.533507] tun: (C) 1999-2004 Max Krasnyansky <maxk@qualcomm.com>
[    9.536415] PPP generic driver version 2.4.2
[    9.544476] ehci_hcd: USB 2.0 'Enhanced' Host Controller (EHCI) Driver
[    9.550091] ehci-pci: EHCI PCI platform driver
[    9.554449] ehci-platform: EHCI generic platform driver
[    9.562485] ohci_hcd: USB 1.1 'Open' Host Controller (OHCI) Driver
[    9.563552] ohci-pci: OHCI PCI platform driver
[    9.564393] ohci-platform: OHCI generic platform driver
[    9.571891] uhci_hcd: USB Universal Host Controller Interface driver
[    9.573131] i8042: PNP: PS/2 Controller [PNP0303:PS2K,PNP0f03:PS2M] at 0x60,0x64 irq 1,12
[    9.578383] serio: i8042 KBD port at 0x60,0x64 irq 1
[    9.582223] serio: i8042 AUX port at 0x60,0x64 irq 12
[    9.592462] mousedev: PS/2 mouse device common for all mice
[    9.593928] rtc_cmos rtc_cmos: rtc core: registered rtc_cmos as rtc0
[    9.595105] rtc_cmos rtc_cmos: alarms up to one day, 114 bytes nvram
[    9.598328] i2c /dev entries driver
[    9.602375] input: AT Translated Set 2 keyboard as /devices/platform/i8042/serio0/input/input2
[    9.604070] device-mapper: uevent: version 1.0.3
[    9.609179] device-mapper: ioctl: 4.34.0-ioctl (2015-10-28) initialised: dm-devel@redhat.com
[    9.616678] ledtrig-cpu: registered to indicate activity on CPUs
[    9.625832] NET: Registered protocol family 10
[    9.628965] NET: Registered protocol family 17
[    9.632703] Key type dns_resolver registered
[    9.634870] microcode: CPU0 sig=0x306f2, pf=0x40, revision=0x0
[    9.642321] microcode: CPU1 sig=0x306f2, pf=0x40, revision=0x0
[    9.651538] microcode: Microcode Update Driver: v2.01 <tigran@aivazian.fsnet.co.uk>, Peter Oruba
[    9.660346] registered taskstats version 1
[    9.666970] Loading compiled-in X.509 certificates
[    9.668532] Loaded X.509 cert 'Build time autogenerated kernel key: 10281ca0c0463cd0680138fff55319c9bd7d63b8'
[    9.670350] zswap: loaded using pool lzo/zbud
[    9.680374] Key type trusted registered
[    9.693305] Key type encrypted registered
[    9.707959] AppArmor: AppArmor sha1 policy hashing enabled
[    9.708944] ima: No TPM chip found, activating TPM-bypass!
[    9.709959] evm: HMAC attrs: 0x1
[    9.710937]   Magic number: 4:31:733
[    9.722823] rtc_cmos rtc_cmos: setting system clock to 2016-06-01 12:43:50 UTC (1464785030)
[    9.725772] BIOS EDD facility v0.16 2004-Jun-25, 0 devices found
[    9.728495] EDD information not available.
[    9.734963] Freeing unused kernel memory: 1480K (ffffffff81f41000 - ffffffff820b3000)
[    9.736451] Write protecting the kernel read-only data: 14336k
[    9.744876] Freeing unused kernel memory: 1868K (ffff88000182d000 - ffff880001a00000)
[    9.750752] Freeing unused kernel memory: 176K (ffff880001dd4000 - ffff880001e00000)
Loading, please wait...
starting version[    9.773221] random: systemd-udevd urandom read with 2 bits of entropy available
 229
[    9.805457] Fusion MPT base driver 3.04.20
[    9.806248] e1000: Intel(R) PRO/1000 Network Driver - version 7.3.21-k8-NAPI
[    9.806249] e1000: Copyright (c) 1999-2006 Intel Corporation.
[    9.826114] Copyright (c) 1999-2008 LSI Corporation
[    9.837009] Fusion MPT SPI Host driver 3.04.20
[    9.866078] AVX version of gcm_enc/dec engaged.
[    9.868169] AES CTR mode by8 optimization enabled
[   10.079389] input: ImExPS/2 Generic Explorer Mouse as /devices/platform/i8042/serio1/input/input4
[   10.192919] e1000 0000:00:03.0 eth0: (PCI:33MHz:32-bit) 02:27:53:60:41:f1
[   10.200844] e1000 0000:00:03.0 eth0: Intel(R) PRO/1000 Network Connection
[   10.211536] e1000 0000:00:03.0 enp0s3: renamed from eth0
[   10.217440] mptbase: ioc0: Initiating bringup
[   10.289117] ioc0: LSI53C1030 A0: Capabilities={Initiator}
[   10.313378] tsc: Refined TSC clocksource calibration: 2794.608 MHz
[   10.338315] clocksource: tsc: mask: 0xffffffffffffffff max_cycles: 0x28485b173e1, max_idle_ns: 440795297260 ns
[   10.494536] scsi host2: ioc0: LSI53C1030 A0, FwRev=00000000h, Ports=1, MaxQ=256, IRQ=20
[   10.609259] scsi 2:0:0:0: Direct-Access     VBOX     HARDDISK         1.0  PQ: 0 ANSI: 5
[   10.649142] scsi target2:0:0: Beginning Domain Validation
[   10.661854] scsi target2:0:0: Domain Validation skipping write tests
[   10.689171] scsi target2:0:0: Ending Domain Validation
[   10.697963] scsi target2:0:0: asynchronous
[   10.712016] scsi 2:0:1:0: Direct-Access     VBOX     HARDDISK         1.0  PQ: 0 ANSI: 5
[   10.720315] scsi target2:0:1: Beginning Domain Validation
[   10.733851] scsi target2:0:1: Domain Validation skipping write tests
[   10.748656] scsi target2:0:1: Ending Domain Validation
[   10.749729] scsi target2:0:1: asynchronous
[   10.772948] sd 2:0:0:0: Attached scsi generic sg0 type 0
[   10.773182] sd 2:0:0:0: [sda] 20971520 512-byte logical blocks: (10.7 GB/10.0 GiB)
[   10.773351] sd 2:0:0:0: [sda] Write Protect is off
[   10.773419] sd 2:0:0:0: [sda] Incomplete mode parameter data
[   10.773420] sd 2:0:0:0: [sda] Assuming drive cache: write through
[   10.802877] sd 2:0:1:0: Attached scsi generic sg1 type 0
[   10.803142] sd 2:0:1:0: [sdb] 20480 512-byte logical blocks: (10.5 MB/10.0 MiB)
[   10.803572] sd 2:0:1:0: [sdb] Write Protect is off
[   10.803686] sd 2:0:1:0: [sdb] Incomplete mode parameter data
[   10.803687] sd 2:0:1:0: [sdb] Assuming drive cache: write through
[   10.806586]  sda: sda1
[   10.807338] sd 2:0:0:0: [sda] Attached SCSI disk
[   10.810096] sd 2:0:1:0: [sdb] Attached SCSI disk
[   12.901656] floppy0: no floppy controllers found
[   18.165352] mptscsih: ioc0: attempting task abort! (sc=ffff88007c93fc80)
[   18.563033] sd 2:0:1:0: [sdb] tag#0 CDB: Inquiry 12 00 00 00 fe 00
[   19.429992] mptscsih: ioc0: task abort: FAILED (rv=2003) (sc=ffff88007c93fc80)
[   19.941720] mptscsih: ioc0: attempting target reset! (sc=ffff88007c93fc80)
[   19.955749] sd 2:0:1:0: [sdb] tag#0 CDB: Inquiry 12 00 00 00 fe 00
[   20.696795] mptscsih: ioc0: target reset: SUCCESS (sc=ffff88007c93fc80)
Begin: Loading e[   22.243234] md: linear personality registered for level -1
ssential drivers ... [   22.250430] md: multipath personality registered for level -4
[   22.256204] md: raid0 personality registered for level 0
[   22.269341] md: raid1 personality registered for level 1
[   22.369589] raid6: sse2x1   gen()  8610 MB/s
[   22.445042] raid6: sse2x1   xor()  6630 MB/s
[   22.525405] raid6: sse2x2   gen() 11032 MB/s
[   22.608885] raid6: sse2x2   xor()  7242 MB/s
[   22.676724] raid6: sse2x4   gen() 12650 MB/s
[   22.765068] raid6: sse2x4   xor()  8766 MB/s
[   22.777291] raid6: using algorithm sse2x4 gen() 12650 MB/s
[   22.783608] raid6: .... xor() 8766 MB/s, rmw enabled
[   22.790401] raid6: using ssse3x2 recovery algorithm
[   22.802011] xor: automatically using best checksumming function:
[   22.848919]    avx       : 23670.000 MB/sec
[   22.859566] async_tx: api initialized (async)
[   22.875204] md: raid6 personality registered for level 6
[   22.885303] md: raid5 personality registered for level 5
[   22.894888] md: raid4 personality registered for level 4
[   22.900802] md: raid10 personality registered for level 10
done.
Begin: Running /scripts/init-premount ... done.
Begin: Mounting root file system ... Begin: Running /scripts/local-top ... done.
Begin: Running /scripts/local-premount ... [   22.939419] Btrfs loaded
Scanning for Btrfs filesystems
done.
Warning: fsck not present, so skipping root file system
[   22.990810] EXT4-fs (sda1): mounted filesystem with ordered data mode. Opts: (null)
done.
Begin: Running /scripts/local-bottom ... done.
Begin: Running /scripts/init-bottom ... Warning: overlayroot: debug is busted
done.
[   23.094810] systemd[1]: systemd 229 running in system mode. (+PAM +AUDIT +SELINUX +IMA +APPARMOR +SMACK +SYSVINIT +UTMP +LIBCRYPTSETUP +GCRYPT +GNUTLS +ACL +XZ -LZ4 +SECCOMP +BLKID +ELFUTILS +KMOD -IDN)
[   23.150277] systemd[1]: Detected virtualization oracle.
[   23.162236] systemd[1]: Detected architecture x86-64.

Welcome to [1mUbuntu 16.04 LTS[0m!

[   23.173296] systemd[1]: Set hostname to <ubuntu>.
[   23.179723] systemd[1]: Initializing machine ID from random generator.
[   23.182190] systemd[1]: Installed transient /etc/machine-id file.
[   23.300597] systemd[1]: Created slice System Slice.
[[0;32m  OK  [0m] Created slice System Slice.
[   23.331060] systemd[1]: Listening on udev Kernel Socket.
[[0;32m  OK  [0m] Listening on udev Kernel Socket.
[   23.351695] systemd[1]: Listening on Journal Audit Socket.
[[0;32m  OK  [0m] Listening on Journal Audit Socket.
[   23.363153] systemd[1]: Created slice system-serial\x2dgetty.slice.
[[0;32m  OK  [0m] Created slice system-serial\x2dgetty.slice.
[   23.367851] systemd[1]: Listening on Syslog Socket.
[[0;32m  OK  [0m] Listening on Syslog Socket.
[   23.370349] systemd[1]: Reached target Encrypted Volumes.
[[0;32m  OK  [0m] Reached target Encrypted Volumes.
[   23.399286] systemd[1]: Reached target Swap.
[[0;32m  OK  [0m] Reached target Swap.
[   23.404971] systemd[1]: Listening on udev Control Socket.
[[0;32m  OK  [0m] Listening on udev Control Socket.
[   23.414480] systemd[1]: Listening on LVM2 metadata daemon socket.
[[0;32m  OK  [0m] Listening on LVM2 metadata daemon socket.
[   23.417965] systemd[1]: Listening on /dev/initctl Compatibility Named Pipe.
[[0;32m  OK  [0m] Listening on /dev/initctl Compatibility Named Pipe.
[  23.441933] systemd[1]: Created slice User and Session Slie.
[[0;32m  OK  [0m] Created slice User and Session Slice.
[   23.495716] systemd[1]: Reached target Slices.
[[0;32m  OK  [0m] Reached target Slices.
[   23.497846] systemd[1]: Listening on Journal Socket.
[[0;32m  OK  [0m] Listening on Journal Socket.
[   23.517675] systemd[1]: Starting Load Kernel Modules...
         Starting Load Kernel Modules...
[   23.528023] systemd[1]: Starting Uncomplicated firewall...
         [   23.531456] Loading iSCSI transport class v2.0-870.
Starting Uncomplicated firewall...
[   23.542085] systemd[1]: Mounting POSIX Message Queue File System...
         Mounting POSIX Message Queue File System...
[   23.549407] systemd[1]: Starting Remount Root and Kernel File Systems...
[   23.555220] iscsi: registered transport (tcp)
         Starting Remount[   23.560551] EXT4-fs (sda1): re-mounted. Opts: (null)
 Root and Kernel File Systems...
[   23.570545] systemd[1]: Starting Nameserver information manager...
         Starting Nameserver information manager...
[   23.573951] systemd[1]: Mounting Huge Pages File System...
         Mounting Huge Pages File System...
[   23.594823] systemd[1]: Listening on Journal Socket (/dev/log).
[[0;32m  OK  [0m] Listening on Journal Socket (/de[   23.602741] iscsi: registered transport (iser)
v/log).
[   23.629497] systemd[1]: Starting Journal Service...
         Starting Journal Service...
[   23.634171] systemd[1]: Listening on LVM2 poll daemon socket.
[[0;32m  OK  [0m] Listening on LVM2 poll daemon socket.
[   23.713347] systemd[1]: Reached target User and Group Name Lookups.
[[0;32m  OK  [0m] Reached target User and Group Name Lookups.
[   23.722190] systemd[1]: Started Forward Password Requests to Wall Directory Watch.
[[0;32m  OK  [0m] Started Forward Password Requests to Wall Directory Watch.
[   23.763771] systemd[1: reated slic system-getty.slice.

[[0;32m  OK  [0m] Created slice system-getty.slice.
[   23.850870] systemd[1]: Set up automount Arbitrary Executable File Formats File System Automount Point.
[[0;32m  OK  [0m] Set up automount Arbitrary Executab...ats File System Automount Point.
[   23.863626] systemd[1]: Listening on Device-mapper event daemon FIFOs.
[[0;32m  OK  [0m] Listening on Device-mapper event daemon FIFOs.
[   23.897512] systemd[1]: Starting Monitoring of LVM2 mirrors, snapshots etc. using dmeventd or progress polling...
         Starting Monitoring of LVM2 mirrors... dmeventd or progress polling...
[   24.001493] systemd[1]: Starting Create list of required static device nodes for the current kernel...
         Starting Create list of required st... nodes for the current kernel...
[   24.157208] systemd[1]: Mounting Debug File System...
         Mounting Debug File System...
[   24.194120] systemd[1]: Mounted Huge Pages File System.
[[0;32m  OK  [0m] Mounted Huge Pages File System.
[   24.267442] systemd[1]: Mounted POSIX Message Queue File System.
[[0;32m  OK  [0m] Mounted POSIX Message Queue File System.
[  24.310246] systemd[1]: Mounted Debug File System.
[[0;32m  OK  [0m] Mounted Debug File System.
[   24.348632] systemd[1]: Started Journal Service.
[[0;32m  OK  [0m] Started Journal Service.
[[0;32m  OK  [0m] Started Load Kernel Modules.
[[0;32m  OK  [0m] Started Uncomplicated firewall.
[[0;32m  OK  [0m] Started Remount Root and Kernel File Systems.
[[0;32m  OK  [0m] Started Create list of required sta...ce nodes for the current kernel.
[[0;32m  OK  [0m] Started Nameserver information manager.
[   24.414803] random: nonblocking pool is initialized
[[0;32m  OK  [0m] Started LVM2 metadata daemon.
         Starting Create Static Device Nodes in /dev...
         Starting Load/Save Random Seed...
         Starting udev Coldplug all Devices...
         Starting Apply Kernel Variables...
         Mounting FUSE Control File System...
         Starting Flush Journal to Persistent Storage...
[[0;32m  OK  [0m] Mounted FUSE Control File System.
[[0;32m  OK  [0m] Started Create Static Device Nodes in /dev.
[[0;32m  OK  [0m] Started Load/Save Random Seed.
[[0;32m  OK  [0m] Started Apply Kernel Variables.
[[0;32m  OK  [0m] Started udev Coldplug all Devices.
         Starting udev Kernel Device Manager...
[[0;32m  OK  [0m] Started Flush Journal to Persistent Storage.
[[0;32m  OK  [0m] Started udev Kernel Device Manager.
[[0;32m  OK  [0m] Started Dispatch Password Requests to Console Directory Watch.
[[0;32m  OK  [0m] Found device /dev/ttyS0.
[[0;32m  OK  [0m] Started Monitoring of LVM2 mirrors,...ng dmeventd or progress polling.
[[0;32m  OK  [0m] Listening on Load/Save RF Kill Switch Status /dev/rfkill Watch.
[[0;32m  OK  [0m] Reached target Local File Systems (Pre).
[[0;32m  OK  [0m] Reached target Local File Systems.
         Starting Tell Plymouth To Write Out Runtime Data...
         Starting Commit a transient machine-id on disk...
         Starting Initial cloud-init job (pre-networking)...
         Starting LSB: AppArmor initialization...
         Starting Create Volatile Files and Directories...
         Starting Set console keymap...
[[0;32m  OK  [0m] Started Tell Plymouth To Write Out Runtime Data.
[[0;32m  OK  [0m] Started Commit a transient machine-id on disk.
[[0;32m  OK  [0m] Started Create Volatile Files and Directories.
[[0;32m  OK  [0m] Started Set console keymap.
         Starting Network Time Synchronization...
         Starting Update UTMP about System Boot/Shutdown...
[[0;32m  OK  [0m] Started Network Time Synchronization.
[[0;32m  OK  [0m] Reached target System Time Synchronized.
[[0;32m  OK  [0m] Started Update UTMP about System Boot/Shutdown.
[[0;32m  OK  [0m] Started LSB: AppArmor initialization.
[[0;32m  OK  [0m] Reached target System Initialization.
[[0;32m  OK  [0m] Listening on ACPID Listen Socket.
[[0;32m  OK  [0m] Listening on UUID daemon activation socket.
[[0;32m  OK  [0m] Started Daily apt activities.
[[0;32m  OK  [0m] Started ACPI Events Check.
[[0;32m  OK  [0m] Started Daily Cleanup of Temporary Directories.
[[0;32m  OK  [0m] Reached target Timers.
[[0;32m  OK  [0m] Listening on D-Bus System Message Bus Socket.
         Starting LXD - unix socket.
[[0;32m  OK  [0m] Started Trigger resolvconf update for networkd DNS.
[[0;32m  OK  [0m] Reached target Paths.
         Starting Socket activation for snappy daemon.
[[0;32m  OK  [0m] Listening on LXD - unix socket.
[[0;32m  OK  [0m] Listening on Socket activation for snappy daemon.
[[0;32m  OK  [0m] Reached target Sockets.
[[0;32m  OK  [0m] Reached target Basic System.
         Starting Login Service...
         Starting System Logging Service...
[[0;32m  OK  [0m] Started ACPI event daemon.
         Starting LSB: Record successful boot for GRUB...
[[0;32m  OK  [0m] Started Regular background program processing daemon.
[[0;32m  OK  [0m] Started Deferred execution scheduler.
[[0;32m  OK  [0m] Started D-Bus System Message Bus.
         Starting LSB: MD monitoring daemon...
[[0;32m  OK  [0m] Started FUSE filesystem for LXC.
         Starting Accounts Service...
         Starting LXD - container startup/shutdown...
[[0;32m  OK  [0m] Started System Logging Service.
[[0;32m  OK  [0m] Started Login Service.
[[0;32m  OK  [0m] Started LSB: Record successful boot for GRUB.
[[0;32m  OK  [0m] Started LSB: MD monitoring daemon.
         Starting Authenticate and Authorize Users to Run Privileged Tasks...
[[0;32m  OK  [0m] Started Authenticate and Authorize Users to Run Privileged Tasks.
[[0;32m  OK  [0m] Started Accounts Service.
[[0;32m  OK  [0m] Started LXD - container startup/shutdown.
[   21.191077] cloud-init[624]: Cloud-init v. 0.7.7 running 'init-local' at Wed, 01 Jun 2016 12:44:07 +0000. Up 20.41 seconds.
[[0;32m  OK  [0m] Started Initial cloud-init job (pre-networking).
[[0;32m  OK  [0m] Reached target Network (Pre).
         Starting Raise network interfaces...
[[0;32m  OK  [0m] Started ifup for enp0s3.
[[0;32m  OK  [0m] Found device 82540EM Gigabit Ethern...r (PRO/1000 MT Desktop Adapter).
[[0;32m  OK  [0m] Started Raise network interfaces.
         Starting Initial cloud-init job (metadata service crawler)...
[[0;32m  OK  [0m] Reached target Network.
[   22.780931] cloud-init[970]: Cloud-init v. 0.7.7 running 'init' at Wed, 01 Jun 2016 12:44:09 +0000. Up 21.98 seconds.
[   22.790319] cloud-init[970]: ci-info: +++++++++++++++++++++++++++++++++++++Net device info++++++++++++++++++++++++++++++++++++++
[   22.804461] cloud-init[970]: ci-info: +--------+------+----------------------------+---------------+-------+-------------------+
[   22.811883] cloud-init[970]: ci-info: | Device |  Up  |          Address           |      Mask     | Scope |     Hw-Address    |
[   22.822325] cloud-init[970]: ci-info: +--------+------+----------------------------+---------------+-------+-------------------+
[   22.840512] cloud-init[970]: ci-info: | enp0s3 | True |         10.0.2.15          | 255.255.255.0 |   .   | 02:27:53:60:41:f1 |
[   22.848485] [cloud-init[0;32m  OK  [0m[970]: ] ci-info: | enp0s3 | True | fe80::27:53ff:fe60:41f1/64 |       .       |  link | 02:27:53:60:41:f1 |Started Initial cloud-init job (metadata service crawler).

[   22.848729] cloud-init[970]: ci-info: |   lo   | True |         127.0.0.1          |   255.0.0.0   |   .   |         .         |
[   22.862810] [cloud-init[0;32m  OK  [0m[970]: ] ci-info: |   lo   | True |          ::1/128           |       .       |  host |         .         |Reached target Network is Online.

[   22.863073] cloud-init[970]: ci-info: +--------+------+----------------------------+---------------+-------+-------------------+
[   22.867824] cloud-init[970]: ci-info: +++++++++++++++++++++++++++Route IPv4 info++++++++++++++++++++++++++++
[   22.896895]          cloud-initStarting iSCSI initiator daemon (iscsid)...[970]: 
ci-info: +-------+-------------+----------+---------------+-----------+-------+
[   22.907748]          cloud-initStarting /etc/rc.local Compatibility...[970]: 
ci-info: | Route | Destination | Gateway  |    Genmask    | Interface | Flags |
[   22.909784]          cloud-initStarting Seed the pseudo random number generator on first boot...[970]: 
ci-info: +-------+-------------+----------+---------------+-----------+-------+
[   22.924362] [cloud-init[0;32m  OK  [0m[970]: ] ci-info: |   0   |   0.0.0.0   | 10.0.2.2 |    0.0.0.0    |   enp0s3  |   UG  |Reached target Cloud-config availability.

[   22.924831] cloud-init[970]: ci-info: |   1   |   10.0.2.0  | 0.0.0.0  | 255.255.255.0 |   enp0s3  |   U   |
[   22.956552]          cloud-initStarting Apply the settings specified in cloud-config...[970]: 
ci-info: +-------+-------------+----------+---------------+-----------+-------+
[   22.984405] cloud-init[970]: Generating public/private rsa key pair.
[   23.060449] [cloud-init[0;32m  OK  [0m[970]: ] Your identification has been saved in /etc/ssh/ssh_host_rsa_key.Started /etc/rc.local Compatibility.

[   23.415069] [cloud-init[0;32m  OK  [0m[970]: ] Your public key has been saved in /etc/ssh/ssh_host_rsa_key.pub.Started iSCSI initiator daemon (iscsid).

[   23.415568] cloud-init[970]: The key fingerprint is:
[   23.446953] cloud-init[970]: SHA256:iMWlwZZmp5bR4+k++Kf8gZVgCXpEmY9yDYnfBIW8XFs root@ubuntu-xenial
[   23.488741] cloud-init[970]: The key's randomart image is:
[   23.491746] cloud-init[970]: +---[RSA 2048]----+
[   23.509707]          cloud-initStarting Login to default iSCSI targets...[970]: 
|     =*Xo        |
[   23.513371] cloud-init[970]: |    .+#=*.E      |
[   23.556040] cloud-init[970]: |    .*=/+=       |
[   23.572977] [cloud-init[0;32m  OK  [0m[970]: ] |    .+XoB. .     |Started Login to default iSCSI targets.

[   23.573616] cloud-init[970]: |    .+..S o      |
[[0;32m  OK  [0m] Reached target Remote File Systems (Pre).
[[0;32m  OK  [0m] Reached target Remote File Systems.
[   23.661709] cloud-init[970]: |        .o       |
[   23.711920] cloud-init[970]: |       o. .      |
[   23.766614] cloud-init[970]: |      ..o ..     |
[   23.779554] cloud-init[970]: |       .+=.      |
         Starting LSB: daemon to balance interrupts for SMP systems...
[   23.831122] cloud-init[970]: +----[SHA256]-----+
         Starting LSB: automatic crash report generation...
         Starting LSB: Set the CPU Frequency Scaling governor to "ondemand"...
         Starting Permit User Sessions...
[[0;32m  OK  [0m] Started Permit User Sessions.
[   23.892092] cloud-init[970]: Generating public/private dsa key pair.
[   24.014402]          cloud-initStarting Terminate Plymouth Boot Screen...[970]: 
Your identification has been saved in /etc/ssh/ssh_host_dsa_key.
[   24.250646] cloud-init[970]: Your public key has been saved in /etc/ssh/ssh_host_dsa_key.pub.
         Starting Hold until boot process finishes up...
[[0;32m  OK  [0m] Started Seed the pseudo random number generator on first boot.
[[0;32m  OK  [0m] Started LSB: daemon to balance interrupts for SMP systems.
[   24.262319] cloud-init[970]: The key fingerprint is:
[   24.448391] cloud-init[970]: SHA256:6o17J3IpcAZvUIcE0QwoCv+oQ/D+odyJ4U3LWmWAm6U root@ubuntu-xenial
[   24.453185] cloud-init[970]: The key's randomart image is:
[   24.458964] cloud-init[970]: +---[DSA 1024]----+
[[0;32m  OK  [0m] Started LSB: automatic crash report generation.
[[0;32m  OK  [0m] Started LSB: Set the CPU Frequency Scaling governor to "ondemand".
[[0;32m  OK  [0m] Started Terminate Plymouth Boot Screen.
[   24.461566] [[0;32m  OK  [0m] Started Hold until boot process finishes up.
cloud-init[970]: |   .+B..         |
[   24.680501] cloud-init[970]: |o ..  = .        |
[   24.803464] cloud-init[970]: |oo. o. .         |
[[0;32m  OK  [0m] Started Serial Getty on ttyS0.
[   24.823187] cloud-init[970]: |o .=o.           |
[   24.833067] cloud-init[970]: |..Eo +o S        |
[   24.838774] cloud-init[970]: | .o oo=.         |
[   24.843195] cloud-init[970]: |.o. +=.  .       |
[   24.924103] cloud-init[970]: |oo.X =oo= .      |
[[   25.105548] cloud-init[970]: | .*oB +*.o       |
[   25.178581] cloud-init[970]: +----[SHA256]-----+
[   25.178665] cloud-init[970]: Generating public/private ecdsa key pair.
[   25.178737] cloud-init[970]: Your identification has been saved in /etc/ssh/ssh_host_ecdsa_key.
[   25.178806] cloud-init[970]: Your public key has been saved in /etc/ssh/ssh_host_ecdsa_key.pub.
[   25.178873] cloud-init[970]: The key fingerprint is:
[   25.178947] cloud-init[970]: SHA256:Cg+iqXUQdBr8fe8MmfCZysI58TvEklo+rDp+Sk4OB8c root@ubuntu-xenial
[   25.179014] cloud-init[970]: The key's randomart image is:
[   25.179079] cloud-init[970]: +---[ECDSA 256]---+
[   25.179145] cloud-init[970]: | .o .            |
[   25.179209] cloud-init[970]: | ..+             |
[0;32m  OK  [0m] Started Getty on tty1.
[[0;32m  OK  [0m] Reached target Login Prompts.
[   25.222860] cloud-init[970]: |  o. .           |
[   25.569339] cloud-init[970]: | . .. o .        |
         Starting OpenBSD Secure Shell server...
[   25.618871] cloud-init[970]: |. E oo +S*       |
[   25.828875] cloud-init[970]: | = o=+o.B .      |
[   25.848871] cloud-init[970]: |+oo*.Bo. +       |
[   25.868416] cloud-init[970]: |Oo.oO =   o      |
[   25.873123] cloud-init[970]: |+B+. +.o         |
[[0;32m  OK  [0m] Started OpenBSD Secure Shell server.
[   25.886420] cloud-init[970]: +----[SHA256]-----+
[   25.896272] cloud-init[970]: Generating public/private ed25519 key pair.
[   25.901211] cloud-init[970]: Your identification has been saved in /etc/ssh/ssh_host_ed25519_key.
[   25.905078] cloud-init[970]: Your public key has been saved in /etc/ssh/ssh_host_ed25519_key.pub.
[   25.912625] cloud-init[970]: The key fingerprint is:
[   25.914155] cloud-init[970]: SHA256:7gzYFQFMEjSzfuMbk6TgmBH2AGq2gPBOfkXX/pYRVlU root@ubuntu-xenial
[   25.924473] cloud-init[970]: The key's randomart image is:
[   25.927818] cloud-init[970]: +--[ED25519 256]--+
[   25.932499] cloud-init[970]: |o  .*++.o.   ...E|
[   25.933684] cloud-init[970]: |=.   *.. .. o    |
[   25.940403] cloud-init[970]: |==o . . .. . .   |
[   25.941534] cloud-init[970]: |==+. .   .. .    |
[   25.942506] cloud-init[970]: |..+.o + S  . o   |
[   25.943477] cloud-init[970]: | = o B =    +    |
[   25.944482] cloud-init[970]: |o . o B .  .     |
[   25.949302] cloud-init[970]: |       B         |
[   25.960782] cloud-init[970]: |      . o        |
[   25.980233] cloud-init[970]: +----[SHA256]-----+
[   25.988277] cloud-init[1086]: Generating locales (this might take a while)...
[   26.707682] cloud-init[1086]:   en_US.UTF-8... done
[   26.723925] cloud-init[1086]: Generation complete.
         Stopping OpenBSD Secure Shell server...
[[0;32m  OK  [0m] Stopped OpenBSD Secure Shell server.
         Starting OpenBSD Secure Shell server...
[[0;32m  OK  [0m] Started OpenBSD Secure Shell server.
[   27.083217] cloud-init[1086]: Cloud-init v. 0.7.7 running 'modules:config' at Wed, 01 Jun 2016 12:44:10 +0000. Up 23.78 seconds.
[[0;32m  OK  [0m] Created slice User Slice of ubuntu.
[[0;32m  OK  [0m] Started Apply the settings specified in cloud-config.
[[0;32m  OK  [0m] Started Session 1 of user ubuntu.
         Starting Execute cloud user/final scripts...
         Starting User Manager for UID 1000...
[[0;32m  OK  [0m] Started User Manager for UID 1000.
ci-info: no authorized ssh keys fingerprints found for user ubuntu.
<14>Jun  1 12:44:14 ec2: 
<14>Jun  1 12:44:14 ec2: #############################################################
<14>Jun  1 12:44:14 ec2: -----BEGIN SSH HOST KEY FINGERPRINTS-----
<14>Jun  1 12:44:14 ec2: 1024 SHA256:6o17J3IpcAZvUIcE0QwoCv+oQ/D+odyJ4U3LWmWAm6U root@ubuntu-xenial (DSA)
<14>Jun  1 12:44:14 ec2: 256 SHA256:Cg+iqXUQdBr8fe8MmfCZysI58TvEklo+rDp+Sk4OB8c root@ubuntu-xenial (ECDSA)
<14>Jun  1 12:44:14 ec2: 256 SHA256:7gzYFQFMEjSzfuMbk6TgmBH2AGq2gPBOfkXX/pYRVlU root@ubuntu-xenial (ED25519)
<14>Jun  1 12:44:14 ec2: 2048 SHA256:iMWlwZZmp5bR4+k++Kf8gZVgCXpEmY9yDYnfBIW8XFs root@ubuntu-xenial (RSA)
<14>Jun  1 12:44:14 ec2: -----END SSH HOST KEY FINGERPRINTS-----
<14>Jun  1 12:44:14 ec2: #############################################################
-----BEGIN SSH HOST KEY KEYS-----
ecdsa-sha2-nistp256 AAAAE2VjZHNhLXNoYTItbmlzdHAyNTYAAAAIbmlzdHAyNTYAAABBBK0fix2oy79gtdDaj+ziM9J+77mUP8D3+Nj4yqNJdA5E6evch7YfdHdFFZP74/IG6NVd/sdaEz0SBf+RS+EfuMQ= root@ubuntu-xenial
ssh-ed25519 AAAAC3NzaC1lZDI1NTE5AAAAIFeh9CdmkUnBtEkdoaO4w+9LfukIt28iqb3p2Gfdxqa8 root@ubuntu-xenial
ssh-rsa AAAAB3NzaC1yc2EAAAADAQABAAABAQCqHoCTb3PqLGLsgY+Q9cjyBv/MU99h3ayLhi82+lXSSwlyBApUq5q07BePlfo/OCmGi+Q9bUuwt3NcYC5L1FyMCUP3x0N7Hlth3rK3vmw7gqwJZy6nXPVW2fpVk5Kd/W99wqyvrEnh5k4/RcxrllyRPVxrBDlWro6S/ZixmH7ZcwX8V6Was1NI4WPa2oIGDUzXsYOG0Rc9zbpZgflvd20FbXCCohmqnrL+7yoi9elX5p7VH5hc6xmcROiNujWpmlGqMjwIH/Da0G9rfNb4zG9UZt/pvojzFWcicY3uVCph5HudmsoyDJSV0YiBFy5r6Sb7o1ktur3JkDNAZe4pH0qL root@ubuntu-xenial
-----END SSH HOST KEY KEYS-----
[   28.026845] cloud-init[1242]: Cloud-init v. 0.7.7 running 'modules:final' at Wed, 01 Jun 2016 12:44:14 +0000. Up 27.46 seconds.
[   28.042698] cloud-init[1242]: ci-info: no authorized ssh keys fingerprints found for user ubuntu.
[   28.055057] cloud-init[1242]: Cloud-init v. 0.7.7 finished at Wed, 01 Jun 2016 12:44:15 +0000. Datasource DataSourceNoCloudNet [seed=/dev/sdb][dsmode=net].  Up 28.02 seconds
[[0;32m  OK  [0m] Started Execute cloud user/final scripts.
[[0;32m  OK  [0m] Reached target Cloud-init target.
[[0;32m  OK  [0m] Reached target Multi-User System.
[[0;32m  OK  [0m] Reached target Graphical Interface.
         Starting Update UTMP about System Runlevel Changes...
[[0;32m  OK  [0m] Started Update UTMP about System Runlevel Changes.

Ubuntu 16.04 LTS ubuntu-xenial ttyS0

ubuntu-xenial login: 